<?xml version="1.0" encoding="UTF-8"?>
<!-- Generated by org.testng.reporters.JUnitReportReporter -->
<testsuite hostname="DESKTOP-1M2UP23" failures="0" tests="1" name="LoginPage.MyTestCases" time="0.871" errors="0" timestamp="2025-07-02T15:35:57 EET" skipped="0">
  <testcase classname="LoginPage.MyTestCases" name="Signup" time="0.871"/>
</testsuite> <!-- LoginPage.MyTestCases -->
